<?xml version="1.0" encoding="UTF-8"?>
<!-- Generated by org.testng.reporters.JUnitXMLReporter -->
<testsuite hostname="Vladimir-MacBook-Pro.local" ignored="0" name="Default test" tests="16" failures="0" timestamp="05 Jul 2019 20:34:44 GMT" time="0.065" errors="0">
  <testcase name="multiply_test_2_param" time="0.01" classname="core.MiltiplyTest"/>
  <testcase name="multiply_test_3_param" time="0.001" classname="core.MiltiplyTest"/>
  <testcase name="multiply_test_4_param" time="0.001" classname="core.MiltiplyTest"/>
  <testcase name="multiply_test_instanceOf" time="0.002" classname="core.MiltiplyTest"/>
  <testcase name="divide_test_2_param" time="0.004" classname="core.DivideTest"/>
  <testcase name="divide_test_3_param" time="0.002" classname="core.DivideTest"/>
  <testcase name="divide_test_4_param" time="0.001" classname="core.DivideTest"/>
  <testcase name="divide_test_instanceOf" time="0.001" classname="core.DivideTest"/>
  <testcase name="add_test_2_param" time="0.001" classname="core.AddTest"/>
  <testcase name="add_test_3_param" time="0.001" classname="core.AddTest"/>
  <testcase name="add_test_4_param" time="0.001" classname="core.AddTest"/>
  <testcase name="add_test_instanceOf" time="0.001" classname="core.AddTest"/>
  <testcase name="subtract_test_2_param" time="0.001" classname="core.SubtractTest"/>
  <testcase name="subtract_test_3_param" time="0.001" classname="core.SubtractTest"/>
  <testcase name="subtract_test_4_param" time="0.0" classname="core.SubtractTest"/>
  <testcase name="subtract_test_instanceOf" time="0.001" classname="core.SubtractTest"/>
</testsuite> <!-- Default test -->
