<?xml version="1.0" encoding="UTF-8"?>
<testng-results skipped="0" failed="0" ignored="0" total="16" passed="16">
  <reporter-output>
  </reporter-output>
  <suite name="Default suite" duration-ms="65" started-at="2019-07-05T20:34:44Z" finished-at="2019-07-05T20:34:44Z">
    <groups>
    </groups>
    <test name="Default test" duration-ms="65" started-at="2019-07-05T20:34:44Z" finished-at="2019-07-05T20:34:44Z">
      <class name="core.MiltiplyTest">
        <test-method status="PASS" signature="multiply_test_2_param()[pri:0, instance:core.MiltiplyTest@32d992b2]" name="multiply_test_2_param" duration-ms="10" started-at="2019-07-05T20:34:44Z" finished-at="2019-07-05T20:34:44Z">
          <reporter-output>
          </reporter-output>
        </test-method> <!-- multiply_test_2_param -->
        <test-method status="PASS" signature="multiply_test_3_param()[pri:0, instance:core.MiltiplyTest@32d992b2]" name="multiply_test_3_param" duration-ms="1" started-at="2019-07-05T20:34:44Z" finished-at="2019-07-05T20:34:44Z">
          <reporter-output>
          </reporter-output>
        </test-method> <!-- multiply_test_3_param -->
        <test-method status="PASS" signature="multiply_test_4_param()[pri:0, instance:core.MiltiplyTest@32d992b2]" name="multiply_test_4_param" duration-ms="1" started-at="2019-07-05T20:34:44Z" finished-at="2019-07-05T20:34:44Z">
          <reporter-output>
          </reporter-output>
        </test-method> <!-- multiply_test_4_param -->
        <test-method status="PASS" signature="multiply_test_instanceOf()[pri:0, instance:core.MiltiplyTest@32d992b2]" name="multiply_test_instanceOf" duration-ms="2" started-at="2019-07-05T20:34:44Z" finished-at="2019-07-05T20:34:44Z">
          <reporter-output>
          </reporter-output>
        </test-method> <!-- multiply_test_instanceOf -->
      </class> <!-- core.MiltiplyTest -->
      <class name="core.DivideTest">
        <test-method status="PASS" signature="divide_test_2_param()[pri:0, instance:core.DivideTest@215be6bb]" name="divide_test_2_param" duration-ms="4" started-at="2019-07-05T20:34:44Z" finished-at="2019-07-05T20:34:44Z">
          <reporter-output>
          </reporter-output>
        </test-method> <!-- divide_test_2_param -->
        <test-method status="PASS" signature="divide_test_3_param()[pri:0, instance:core.DivideTest@215be6bb]" name="divide_test_3_param" duration-ms="2" started-at="2019-07-05T20:34:44Z" finished-at="2019-07-05T20:34:44Z">
          <reporter-output>
          </reporter-output>
        </test-method> <!-- divide_test_3_param -->
        <test-method status="PASS" signature="divide_test_4_param()[pri:0, instance:core.DivideTest@215be6bb]" name="divide_test_4_param" duration-ms="1" started-at="2019-07-05T20:34:44Z" finished-at="2019-07-05T20:34:44Z">
          <reporter-output>
          </reporter-output>
        </test-method> <!-- divide_test_4_param -->
        <test-method status="PASS" signature="divide_test_instanceOf()[pri:0, instance:core.DivideTest@215be6bb]" name="divide_test_instanceOf" duration-ms="1" started-at="2019-07-05T20:34:44Z" finished-at="2019-07-05T20:34:44Z">
          <reporter-output>
          </reporter-output>
        </test-method> <!-- divide_test_instanceOf -->
      </class> <!-- core.DivideTest -->
      <class name="core.AddTest">
        <test-method status="PASS" signature="add_test_2_param()[pri:0, instance:core.AddTest@4439f31e]" name="add_test_2_param" duration-ms="1" started-at="2019-07-05T20:34:44Z" finished-at="2019-07-05T20:34:44Z">
          <reporter-output>
          </reporter-output>
        </test-method> <!-- add_test_2_param -->
        <test-method status="PASS" signature="add_test_3_param()[pri:0, instance:core.AddTest@4439f31e]" name="add_test_3_param" duration-ms="1" started-at="2019-07-05T20:34:44Z" finished-at="2019-07-05T20:34:44Z">
          <reporter-output>
          </reporter-output>
        </test-method> <!-- add_test_3_param -->
        <test-method status="PASS" signature="add_test_4_param()[pri:0, instance:core.AddTest@4439f31e]" name="add_test_4_param" duration-ms="1" started-at="2019-07-05T20:34:44Z" finished-at="2019-07-05T20:34:44Z">
          <reporter-output>
          </reporter-output>
        </test-method> <!-- add_test_4_param -->
        <test-method status="PASS" signature="add_test_instanceOf()[pri:0, instance:core.AddTest@4439f31e]" name="add_test_instanceOf" duration-ms="1" started-at="2019-07-05T20:34:44Z" finished-at="2019-07-05T20:34:44Z">
          <reporter-output>
          </reporter-output>
        </test-method> <!-- add_test_instanceOf -->
      </class> <!-- core.AddTest -->
      <class name="core.SubtractTest">
        <test-method status="PASS" signature="subtract_test_2_param()[pri:0, instance:core.SubtractTest@5dfcfece]" name="subtract_test_2_param" duration-ms="1" started-at="2019-07-05T20:34:44Z" finished-at="2019-07-05T20:34:44Z">
          <reporter-output>
          </reporter-output>
        </test-method> <!-- subtract_test_2_param -->
        <test-method status="PASS" signature="subtract_test_3_param()[pri:0, instance:core.SubtractTest@5dfcfece]" name="subtract_test_3_param" duration-ms="1" started-at="2019-07-05T20:34:44Z" finished-at="2019-07-05T20:34:44Z">
          <reporter-output>
          </reporter-output>
        </test-method> <!-- subtract_test_3_param -->
        <test-method status="PASS" signature="subtract_test_4_param()[pri:0, instance:core.SubtractTest@5dfcfece]" name="subtract_test_4_param" duration-ms="0" started-at="2019-07-05T20:34:44Z" finished-at="2019-07-05T20:34:44Z">
          <reporter-output>
          </reporter-output>
        </test-method> <!-- subtract_test_4_param -->
        <test-method status="PASS" signature="subtract_test_instanceOf()[pri:0, instance:core.SubtractTest@5dfcfece]" name="subtract_test_instanceOf" duration-ms="1" started-at="2019-07-05T20:34:44Z" finished-at="2019-07-05T20:34:44Z">
          <reporter-output>
          </reporter-output>
        </test-method> <!-- subtract_test_instanceOf -->
      </class> <!-- core.SubtractTest -->
    </test> <!-- Default test -->
  </suite> <!-- Default suite -->
</testng-results>
